<?xml version="1.0" encoding="UTF-8"?>
<testng-results skipped="0" failed="0" ignored="0" total="1" passed="1">
  <reporter-output>
  </reporter-output>
  <suite name="Surefire suite" duration-ms="343" started-at="2022-01-16T07:45:16Z" finished-at="2022-01-16T07:45:16Z">
    <groups>
    </groups>
    <test name="Surefire test" duration-ms="343" started-at="2022-01-16T07:45:16Z" finished-at="2022-01-16T07:45:16Z">
      <class name="com.virgingames.AppTest">
        <test-method status="PASS" signature="shouldAnswerWithTrue()" name="shouldAnswerWithTrue" duration-ms="15" started-at="2022-01-16T07:45:16Z" finished-at="2022-01-16T07:45:16Z">
          <reporter-output>
          </reporter-output>
        </test-method> <!-- shouldAnswerWithTrue -->
      </class> <!-- com.virgingames.AppTest -->
    </test> <!-- Surefire test -->
  </suite> <!-- Surefire suite -->
</testng-results>
